Started at Tue Jun 06 15:11:39 UTC 2023
Processing my-pipeline
Offering my-pipeline to Project Build Discarder
my-pipeline accepted by Project Build Discarder
Processing QA-pipeline
Offering QA-pipeline to Project Build Discarder
Finished at Tue Jun 06 15:11:39 UTC 2023. 196ms
Started at Tue Jun 06 16:11:39 UTC 2023
Processing my-pipeline
Offering my-pipeline to Project Build Discarder
my-pipeline accepted by Project Build Discarder
Processing QA-pipeline
Offering QA-pipeline to Project Build Discarder
Finished at Tue Jun 06 16:11:39 UTC 2023. 23ms
Started at Tue Jun 06 17:11:39 UTC 2023
Processing my-pipeline
Offering my-pipeline to Project Build Discarder
my-pipeline accepted by Project Build Discarder
Processing QA-pipeline
Offering QA-pipeline to Project Build Discarder
Finished at Tue Jun 06 17:11:39 UTC 2023. 17ms
Started at Tue Jun 06 18:11:39 UTC 2023
Processing my-pipeline
Offering my-pipeline to Project Build Discarder
my-pipeline accepted by Project Build Discarder
Processing QA-pipeline
Offering QA-pipeline to Project Build Discarder
Finished at Tue Jun 06 18:11:39 UTC 2023. 17ms
Started at Tue Jun 06 19:11:39 UTC 2023
Processing my-pipeline
Offering my-pipeline to Project Build Discarder
my-pipeline accepted by Project Build Discarder
Processing QA-pipeline
Offering QA-pipeline to Project Build Discarder
Finished at Tue Jun 06 19:11:39 UTC 2023. 15ms
Started at Tue Jun 06 20:11:39 UTC 2023
Processing my-pipeline
Offering my-pipeline to Project Build Discarder
my-pipeline accepted by Project Build Discarder
Processing QA-pipeline
Offering QA-pipeline to Project Build Discarder
Finished at Tue Jun 06 20:11:39 UTC 2023. 16ms
Started at Tue Jun 06 21:11:39 UTC 2023
Processing my-pipeline
Offering my-pipeline to Project Build Discarder
my-pipeline accepted by Project Build Discarder
Processing QA-pipeline
Offering QA-pipeline to Project Build Discarder
Finished at Tue Jun 06 21:11:39 UTC 2023. 12ms
Started at Tue Jun 06 22:11:39 UTC 2023
Processing my-pipeline
Offering my-pipeline to Project Build Discarder
my-pipeline accepted by Project Build Discarder
Processing QA-pipeline
Offering QA-pipeline to Project Build Discarder
Finished at Tue Jun 06 22:11:39 UTC 2023. 8ms
Started at Tue Jun 06 23:11:39 UTC 2023
Processing my-pipeline
Offering my-pipeline to Project Build Discarder
my-pipeline accepted by Project Build Discarder
Processing QA-pipeline
Offering QA-pipeline to Project Build Discarder
Finished at Tue Jun 06 23:11:39 UTC 2023. 7ms
Started at Wed Jun 07 00:11:39 UTC 2023
Processing my-pipeline
Offering my-pipeline to Project Build Discarder
my-pipeline accepted by Project Build Discarder
Processing QA-pipeline
Offering QA-pipeline to Project Build Discarder
Finished at Wed Jun 07 00:11:39 UTC 2023. 14ms
Started at Wed Jun 07 01:11:39 UTC 2023
Processing my-pipeline
Offering my-pipeline to Project Build Discarder
my-pipeline accepted by Project Build Discarder
Processing QA-pipeline
Offering QA-pipeline to Project Build Discarder
Finished at Wed Jun 07 01:11:39 UTC 2023. 16ms
Started at Wed Jun 07 02:11:39 UTC 2023
Processing my-pipeline
Offering my-pipeline to Project Build Discarder
my-pipeline accepted by Project Build Discarder
Processing QA-pipeline
Offering QA-pipeline to Project Build Discarder
Finished at Wed Jun 07 02:11:39 UTC 2023. 14ms
Started at Wed Jun 07 03:11:39 UTC 2023
Processing my-pipeline
Offering my-pipeline to Project Build Discarder
my-pipeline accepted by Project Build Discarder
Processing QA-pipeline
Offering QA-pipeline to Project Build Discarder
Finished at Wed Jun 07 03:11:39 UTC 2023. 20ms
Started at Wed Jun 07 04:11:39 UTC 2023
Processing my-pipeline
Offering my-pipeline to Project Build Discarder
my-pipeline accepted by Project Build Discarder
Processing QA-pipeline
Offering QA-pipeline to Project Build Discarder
Finished at Wed Jun 07 04:11:39 UTC 2023. 9ms
Started at Wed Jun 07 05:11:39 UTC 2023
Processing my-pipeline
Offering my-pipeline to Project Build Discarder
my-pipeline accepted by Project Build Discarder
Processing QA-pipeline
Offering QA-pipeline to Project Build Discarder
Finished at Wed Jun 07 05:11:39 UTC 2023. 12ms
Started at Wed Jun 07 06:11:39 UTC 2023
Processing my-pipeline
Offering my-pipeline to Project Build Discarder
my-pipeline accepted by Project Build Discarder
Processing QA-pipeline
Offering QA-pipeline to Project Build Discarder
Finished at Wed Jun 07 06:11:39 UTC 2023. 8ms
